<?xml version="1.0" encoding="UTF-8"?>
<!-- Generated by org.testng.reporters.JUnitReportReporter -->
<testsuite skipped="0" hostname="DESKTOP-1HT4T1P" name="maven_bk.TestCase1" tests="1" failures="0" timestamp="15 Apr 2020 07:21:31 GMT" time="0.007" errors="0">
  <testcase name="test1" time="0.007" classname="maven_bk.TestCase1"/>
</testsuite> <!-- maven_bk.TestCase1 -->
